{"/Users/alexandranedelcu/Documents/QA/todo-app/backend/index.js": {"path":"/Users/alexandranedelcu/Documents/QA/todo-app/backend/index.js","statementMap":{"0":{"start":{"line":1,"column":16},"end":{"line":1,"column":34}},"1":{"start":{"line":2,"column":13},"end":{"line":2,"column":28}},"2":{"start":{"line":3,"column":19},"end":{"line":3,"column":41}},"3":{"start":{"line":4,"column":12},"end":{"line":4,"column":21}},"4":{"start":{"line":5,"column":13},"end":{"line":5,"column":17}},"5":{"start":{"line":7,"column":0},"end":{"line":7,"column":16}},"6":{"start":{"line":8,"column":0},"end":{"line":8,"column":27}},"7":{"start":{"line":10,"column":12},"end":{"line":10,"column":52}},"8":{"start":{"line":11,"column":12},"end":{"line":13,"column":1}},"9":{"start":{"line":14,"column":16},"end":{"line":14,"column":17}},"10":{"start":{"line":17,"column":0},"end":{"line":22,"column":3}},"11":{"start":{"line":18,"column":33},"end":{"line":18,"column":41}},"12":{"start":{"line":19,"column":16},"end":{"line":19,"column":85}},"13":{"start":{"line":19,"column":34},"end":{"line":19,"column":84}},"14":{"start":{"line":20,"column":2},"end":{"line":21,"column":80}},"15":{"start":{"line":20,"column":13},"end":{"line":20,"column":41}},"16":{"start":{"line":21,"column":7},"end":{"line":21,"column":80}},"17":{"start":{"line":25,"column":0},"end":{"line":27,"column":3}},"18":{"start":{"line":26,"column":2},"end":{"line":26,"column":18}},"19":{"start":{"line":30,"column":0},"end":{"line":35,"column":3}},"20":{"start":{"line":31,"column":20},"end":{"line":31,"column":28}},"21":{"start":{"line":32,"column":18},"end":{"line":32,"column":62}},"22":{"start":{"line":33,"column":2},"end":{"line":33,"column":22}},"23":{"start":{"line":34,"column":2},"end":{"line":34,"column":32}},"24":{"start":{"line":38,"column":0},"end":{"line":45,"column":3}},"25":{"start":{"line":39,"column":13},"end":{"line":39,"column":36}},"26":{"start":{"line":40,"column":31},"end":{"line":40,"column":39}},"27":{"start":{"line":41,"column":16},"end":{"line":41,"column":57}},"28":{"start":{"line":41,"column":42},"end":{"line":41,"column":56}},"29":{"start":{"line":42,"column":2},"end":{"line":42,"column":79}},"30":{"start":{"line":42,"column":20},"end":{"line":42,"column":79}},"31":{"start":{"line":43,"column":2},"end":{"line":43,"column":55}},"32":{"start":{"line":44,"column":2},"end":{"line":44,"column":25}},"33":{"start":{"line":48,"column":0},"end":{"line":54,"column":3}},"34":{"start":{"line":49,"column":13},"end":{"line":49,"column":36}},"35":{"start":{"line":50,"column":16},"end":{"line":50,"column":57}},"36":{"start":{"line":50,"column":42},"end":{"line":50,"column":56}},"37":{"start":{"line":51,"column":2},"end":{"line":51,"column":79}},"38":{"start":{"line":51,"column":20},"end":{"line":51,"column":79}},"39":{"start":{"line":52,"column":2},"end":{"line":52,"column":25}},"40":{"start":{"line":53,"column":2},"end":{"line":53,"column":30}},"41":{"start":{"line":57,"column":0},"end":{"line":60,"column":3}},"42":{"start":{"line":58,"column":2},"end":{"line":58,"column":13}},"43":{"start":{"line":59,"column":2},"end":{"line":59,"column":22}},"44":{"start":{"line":62,"column":0},"end":{"line":62,"column":82}},"45":{"start":{"line":62,"column":23},"end":{"line":62,"column":80}},"46":{"start":{"line":64,"column":0},"end":{"line":64,"column":21}}},"fnMap":{"0":{"name":"(anonymous_0)","decl":{"start":{"line":17,"column":19},"end":{"line":17,"column":20}},"loc":{"start":{"line":17,"column":33},"end":{"line":22,"column":1}},"line":17},"1":{"name":"(anonymous_1)","decl":{"start":{"line":19,"column":27},"end":{"line":19,"column":28}},"loc":{"start":{"line":19,"column":34},"end":{"line":19,"column":84}},"line":19},"2":{"name":"(anonymous_2)","decl":{"start":{"line":25,"column":18},"end":{"line":25,"column":19}},"loc":{"start":{"line":25,"column":32},"end":{"line":27,"column":1}},"line":25},"3":{"name":"(anonymous_3)","decl":{"start":{"line":30,"column":19},"end":{"line":30,"column":20}},"loc":{"start":{"line":30,"column":33},"end":{"line":35,"column":1}},"line":30},"4":{"name":"(anonymous_4)","decl":{"start":{"line":38,"column":22},"end":{"line":38,"column":23}},"loc":{"start":{"line":38,"column":36},"end":{"line":45,"column":1}},"line":38},"5":{"name":"(anonymous_5)","decl":{"start":{"line":41,"column":32},"end":{"line":41,"column":33}},"loc":{"start":{"line":41,"column":42},"end":{"line":41,"column":56}},"line":41},"6":{"name":"(anonymous_6)","decl":{"start":{"line":48,"column":25},"end":{"line":48,"column":26}},"loc":{"start":{"line":48,"column":39},"end":{"line":54,"column":1}},"line":48},"7":{"name":"(anonymous_7)","decl":{"start":{"line":50,"column":32},"end":{"line":50,"column":33}},"loc":{"start":{"line":50,"column":42},"end":{"line":50,"column":56}},"line":50},"8":{"name":"(anonymous_8)","decl":{"start":{"line":57,"column":21},"end":{"line":57,"column":22}},"loc":{"start":{"line":57,"column":35},"end":{"line":60,"column":1}},"line":57},"9":{"name":"(anonymous_9)","decl":{"start":{"line":62,"column":17},"end":{"line":62,"column":18}},"loc":{"start":{"line":62,"column":23},"end":{"line":62,"column":80}},"line":62}},"branchMap":{"0":{"loc":{"start":{"line":19,"column":34},"end":{"line":19,"column":84}},"type":"binary-expr","locations":[{"start":{"line":19,"column":34},"end":{"line":19,"column":57}},{"start":{"line":19,"column":61},"end":{"line":19,"column":84}}],"line":19},"1":{"loc":{"start":{"line":20,"column":2},"end":{"line":21,"column":80}},"type":"if","locations":[{"start":{"line":20,"column":2},"end":{"line":21,"column":80}},{"start":{"line":21,"column":7},"end":{"line":21,"column":80}}],"line":20},"2":{"loc":{"start":{"line":42,"column":2},"end":{"line":42,"column":79}},"type":"if","locations":[{"start":{"line":42,"column":2},"end":{"line":42,"column":79}},{"start":{},"end":{}}],"line":42},"3":{"loc":{"start":{"line":51,"column":2},"end":{"line":51,"column":79}},"type":"if","locations":[{"start":{"line":51,"column":2},"end":{"line":51,"column":79}},{"start":{},"end":{}}],"line":51}},"s":{"0":1,"1":1,"2":1,"3":1,"4":1,"5":1,"6":1,"7":1,"8":1,"9":1,"10":1,"11":2,"12":2,"13":2,"14":2,"15":1,"16":1,"17":1,"18":1,"19":1,"20":1,"21":1,"22":1,"23":1,"24":1,"25":2,"26":2,"27":2,"28":3,"29":2,"30":1,"31":1,"32":1,"33":1,"34":2,"35":2,"36":3,"37":2,"38":1,"39":1,"40":1,"41":1,"42":0,"43":0,"44":1,"45":1,"46":1},"f":{"0":2,"1":2,"2":1,"3":1,"4":2,"5":3,"6":2,"7":3,"8":0,"9":1},"b":{"0":[2,1],"1":[1,1],"2":[1,1],"3":[1,1]},"_coverageSchema":"1a1c01bbd47fc00a2c39e90264f33305004495a9","hash":"ec46bdc1f04fd23b3fb401ba7805cf141efeb804"}
}
